⏳ Connecting to AdsPower CDP...
Traceback (most recent call last):
  File "/Users/user/Documents/Parser 3/main.py", line 500, in <module>
    run(overrides)
    ~~~^^^^^^^^^^^
  File "/Users/user/Documents/Parser 3/main.py", line 64, in run
    page = context.pages[0] if context.pages else context.new_page()
                                                  ~~~~~~~~~~~~~~~~^^
  File "/Users/user/Documents/Parser 3/.venv/lib/python3.14/site-packages/playwright/sync_api/_generated.py", line 12884, in new_page
    return mapping.from_impl(self._sync(self._impl_obj.new_page()))
                             ~~~~~~~~~~^^^^^^^^^^^^^^^^^^^^^^^^^^^
  File "/Users/user/Documents/Parser 3/.venv/lib/python3.14/site-packages/playwright/_impl/_sync_base.py", line 115, in _sync
    return task.result()
           ~~~~~~~~~~~^^
  File "/Users/user/Documents/Parser 3/.venv/lib/python3.14/site-packages/playwright/_impl/_browser_context.py", line 331, in new_page
    return from_channel(await self._channel.send("newPage", None))
                        ^^^^^^^^^^^^^^^^^^^^^^^^^^^^^^^^^^^^^^^^^
  File "/Users/user/Documents/Parser 3/.venv/lib/python3.14/site-packages/playwright/_impl/_connection.py", line 69, in send
    return await self._connection.wrap_api_call(
           ^^^^^^^^^^^^^^^^^^^^^^^^^^^^^^^^^^^^^
    ...<3 lines>...
    )
    ^
  File "/Users/user/Documents/Parser 3/.venv/lib/python3.14/site-packages/playwright/_impl/_connection.py", line 559, in wrap_api_call
    raise rewrite_error(error, f"{parsed_st['apiName']}: {error}") from None
playwright._impl._errors.Error: BrowserContext.new_page: Protocol error (Target.createTarget): Failed to open a new tab
